500499000000000
477101097137233
473865107905433
500496000000000
497486006485027
439566252115650
499108003934664
173011541636708
499865002623165
500490000000000
494475037337796
451089189277339
477551099395892
465093173817472
480066092906483
427641348074223
459649206781359
500482000000000
494026019757279
349118704971349
494680016747925
500478000000000
499984001271447
499442006131268
360737672841035
498356008303185
466541193561298
500472000000000
489029053865222
475752124259881
493880008122403
484782067943151
474850072880092
433818400854994
499606001556508
470668121536623
499349006140088
297478283384221
500461000000000
500450000017380
285995104088591
500410000044640
487784024367987
498128009246939
390695518336319
484907084816163
490421039336781
500452000000000
414428517000866
478662078151798
475644171944856
455686174416219
482981128218222
483759077602392
464137199322052
500295000147510
495288019452001
428372350810911
500441000000000
455964278210649
497677012818118
499227000980868
498788001236486
465067166662630
459838196221469
345686782149546
498681012147393
198108425029791
461957196460564
440175251413059
496161030309593
446457234800950
317561879115954
283040919591647
480101091110083
488613043041108
492322034398473
354069750983141
494708029618606
451000241899243
500091000913808
488023051244967
498665002528913
467462140422055
499637000995840
494245025190315
498441007259264
475741104832684
498360010752750
474738103149974
500408000000129
485499071738638
496416014863887
500406000000000
471581114593561
493885013437413
431867315523301
423083384199726
440347299594476
499406001447264
499874002253825
499798001445400
500397000000000
490560050459090
330432016462516
491164019279683
491143066320142
2548823770
342707656023999
448657346089569
372072570910113
248046332818089
495435016224756
499292008253038
494448020101525
497573007044292
329647955442143
427759303430173
491000041206139
499346001509288
495219016881361
482713066650093
414297446483296
493680026415753
417204344832647
500374000000000
418647339646165
492024021778604
484543069969112
363601667246979
448697243059688
243005305889162
433102293873162
351057686506597
500365000000000
496724010556996
461272292575089
500362000000000
499908000657756
178632520733566
382850732127742
493878031869270
491077031260790
495190025161937
486024038744836
500354000000000
451257209663249
499173001092426
500351000000000
449820226553134
465654156521463
404347495962163
495695021772156
485740037708710
490543047356010
500206000136620
478505089356895
500342000000000
500341000000000
498980001470245
276177860181546
486100064578519
399157434572633
500336000000000
467681147456136
497908003320120
189591665938852
478859061774511
467305114763215
500330000000000
388096480547911
230785258742742
485676092457039
500326000000000
360141602710933
406045432416032
499289006187104
365486660978525
457670173383119
497360010762742
494280023053801
498340006984815
499163005467508
318950907473482
449336270985797
494701014103581
495887010738060
499457000123960
493855027998143
477617123557981
408599412898053
411228509538675
399540438069021
500306000000000
498947002888380
425700328975982
393061490206493
367252895144586
493154029070019
452064170523881
430996362605658
493888031890625
471684100773342
498809001522365
500295000000000
317145717539860
425095356408786
494512009351621
466164162565032
466687157314159
416465685271251
468170129220479
499242001088959
370595803223990
421781312492080
468573179437048
500283000000000
500192000076590
479644096889690
499607000796159
476385088873350
500278000000000
500277000000000
500276000000000
494697022316482
500274000000000
454357248757368
341012761633352
500271000000000
499386002441608
324226003078677
490768060652639
405273512213735
500266000000000
459746170164404
467238107214727
424587379356545
413497415180994
338012054164178
396620377782016
492572021589397
490684046775193
476290091358130
374020529747769
462985185776583
472295151959167
494135029434798
500252000000000
493747013256026
496257014811716
496476012594131
458930226310243
497947005429640
436355322735965
498748000529881
479774193249083
480961104266854
499409000132447
486961053606471
439104264203080
383712436551853
467478117276402
500237000000000
493762019757279
472854083725795
472878108396117
356834981874748
471723128188409
500231000000000
499525000487155
500229000000000
349607849144262
358806785062508
480610092204334
485172053038389
363555582468234
472447167436292
490799048297574
488110030990800
387229526079990
425471349532904
500218000000000
500217000000000
414775320947487
342905859385302
473072127747285
499319002715132
473342232702268
487876064178698
261055028137506
499115001884864
422568379947487
499056008078372
438322257402557
428840294741424
496873007485796
319062915271441
368813696728134
480054076484116
496528014306682
494612024007197
468209125448585
409954548012958
446163211288505
496635005058800
430581373083297
498859000707460
499351003443049
484953070512923
493802029493028
499571000420240
247675447400878
480588098844393
271846836539094
453259354720896
467948115503262
440140401583490
493897024771191
483295044925033
318965921783724
479104092561337
493840028088978
500177000000000
468106127362512
490019046354368
467922156394959
496532015235702
500172000000000
483799075511069
491128037862139
497833002400067
181211650199996
495848009579264
490468028231357
485164080019190
500164000000000
496975006749953
352870934414000
499867002104950
500002000163688
487443077826051
336264733028368
228301229077112
438360257473985
392344616945767
449785205371044
498652003063687
491303023465336
363831558961166
475761098201281
419664312413487
464192162941436
499474000838558
499112004665056
347861722775419
491762033136410
499450001236312
295773010076662
495894010305286
499756000009216
495901023738359
475829092398500
278446419678914
500136000000000
363986875518002
500134000000000
499155005792694
500132000000000
500131000000000
488467040698976
499502000277378
500128000000000
496262022772095
457900191171444
492477019616139
499737000544509
415256556217864
494112021865756
497084019250038
497494005456728
492540039793953
497873005444630
499123004576376
500116000000000
475845071108429
335642839780002
500113000000000
500112000000000
345179567368466
481236104200652
370731552540579
248254292858930
478685114858647
460741170793627
477041124638923
461380179878364
500103000000000
500102000000000
481218091540734
454365275165642
488834059417370
414377472304870
492482025954554
499391001862610
419137419032622
425155372358432
497747004935996
495769016983930
383426587825251
474007119706875
468043098837025
488321045538908
473305114092413
454938186203828
417362494337204
460129147130045
448828210713016
481199097885422
493263016069619
439229320867430
499335002495376
423166288049918
410027544428788
491471032464095
335691681119816
454707272234656
498812002904411
500072000000000
457440184958668
437280275319995
484815038847148
440923280854104
499307001248044
494955018357290
469378158938791
478181081409299
499840000229467
499436002506103
318435777795122
498522002065529
477284123632052
498080004152319
494922012460156
499100003455940
500055000000000
449451210819112
500053000000000
490261053327070
495672010244205
448339172737487
390220396997161
452203213413360
500047000000000
500046000000000
445779257565179
384860490182459
500043000000000
374584553942068
500041000000000
495508011587712
469015120219569
492959024091406
455970199808191
439152328575326
489160037318293
500034000000000
390032545768569
392467506365081
500031000000000
489100074133058
480369077683114
498316002303062
499100000310545
452456184517601
490486021883705
451186214819403
350243536310663
247197520730008
335316773520464
486555060869568
431480442300437
499188000365200
496972005727985
279525324593718
489970028987907
500014000000000
498882001490710
485776047635095
498755003409729
496166013433080
499095000349148
314564079829351
500007000000000
499914000013009
354339688914644
499289000450450
410146469719709
347311615770231
220985791895441
499806000277420
391349510358913
495565009492778
490802036168409
480615085484016
426144425669950
71684000773867
499993000000000
497965004998154
452655182744715
474777178749957
473103117958977
483034085758376
495049021359191
485262050094003
235660039509880
496119011528810
451667235018271
499330001543424
490815015262447
493358034511448
497645005880051
487523060670227
448590208900844
499976000000000
499975000000000
499974000000000
402765419980797
442590288422481
493535012966480
481173053916501
499271001542580
499968000000000
498813003667268
430854363627832
479315073293556
499964000000000
473086099123295
499071001427382
461456229843490
499342001211280
478503114592589
474948095773390
397076469150769
209583230911957
408210419530029
331650731158150
427633315882987
340633989435656
485020072605932
403623608015631
447907309678569
487338048512762
499947000000000
479208103886013
392566468346103
373263635443439
485728088720293
483728061055571
463269210428437
471991112508459
494020026523270
474569100287791
221736368260608
499936000000000
401969600003043
443858270091126
499239000880506
499932000000000
498953003944274
301683848118744
459401274349020
495079006121675
497374006080655
497491005272400
499142001439394
477980098589286
498715008346054
499922000000000
314164111773689
499920000000000
499553000366000
435092452517638
498568009229508
342678989327111
348689592755057
499914000000000
498720002061670
484352076931264
432243420592886
368909654064795
434394349270299
466095225853110
475871131890626
494565011525325
497154015342734
472769187297710
484759063273637
493127023852501
446223244286412
499900000000000
498985001635146
463462173472918
450527274078339
349505714603982
499277000817614
494667024021922
466736197457051
498437002823976
296543136474779
499290001443000
485694070440412
481725066303966
494787017124275
351868582978444
499885000000000
498443001214278
499883000000000
499882000000000
499138001986039
397677375777310
481617088708284
499878000000000
289666121274147
499876000000000
495223020036960
492661038569560
490400033171674
432452320444264
489103058311868
494767025794439
498943000517634
460398178655911
498938001286068
496489007543987
498832002185364
498003004487280
334228032761737
492720039160890
497364005416164
495434012738612
310447994414950
366716588466544
491162027174085
499856000000000
189667759908028
335771753346566
484263041061753
476078104430845
498760000988882
499850000000000
499068002102251
454933204082397
432729386647445
217503316411517
450785261744155
499844000000000
417205464207901
487288058279878
466862179616121
498481006660216
421377355489789
468248129690303
270006561803023
124050788735436
389706576264268
357480835981989
499833000000000
492105026982316
283422935574395
429956273783987
479147064036022
491515027214710
499827000000000
499826000000000
270323139707897
499174000200850
498651002767795
469918123888786
458123226739961
442006243812102
489799039104091
435131371758943
374427825890087
496921003328554
467048233082546
472864106638691
426412342526691
499812000000000
487210059670043
499562000358608
389650440173519
495156027345252
499807000000000
493295044780291
498968000785106
498186002005234
494079019880701
499802000000000
367590579411217
405458449036710
493619017763812
337244695338813
496074008348020
485460036720453
499795000000000
492915031812283
458533185409519
435088338055722
476323120188021
468205120386086
498986001130624
498310000969744
335814598299939
499786000000000
499785000000000
348659667200292
483799062312079
494586012385820
431479358480180
495548007098220
496571005632378
495459018441783
499777000000000
499776000000000
491936050220190
484128071109873
483588099626240
493784031889768
376038571340280
487220030685191
499769000000000
499768000000000
321343833492714
401210492359228
414519455379982
499764000000000
498737002125162
499762000000000
499761000000000
499760000000000
481776076651373
480239089965799
499757000000000
499756000000000
499652000071894
497978002666490
404151596906698
323158079051293
459962165274943
435690277376758
499749000000000
360323725503215
456624225660085
459852165944820
484544059644561
499013000758047
388893533287519
451888202304417
492921037368673
417311457022024
496195012432833
496860007120836
471311159471454
497117007611692
495639004488372
494382028498744
499369000895804
432845284032637
493200031302341
447692223077454
492399017353969
494434012656570
413735393812581
473489146750061
496326015239737
495334021984847
228662286385876
499722000000000
495206010380150
497577003538398
490296036914590
498154003106116
425721303289305
457664164165788
499349001223172
492907015863616
495061014435952
499712000000000
469085160070260
499487000822647
483925072416448
419221411143595
482502057932013
436660261662922
490387041561508
499054002683850
494039017875066
499702000000000
471585132375944
484870084379242
491072019490899
151106472505837
499697000000000
499696000000000
495615007783481
478597104223613
499693000000000
499692000000000
369371623310961
314503855809326
497283004692789
499688000000000
484210075818159
426840327181188
497753012923492
493942020975208
477531057432612
447176276344699
499313000357696
295805030585508
496509012138034
498528001036536
371163502940320
492773020924348
497939001369767
222299358873316
499673000000000
406076391345993
499671000000000
499670000000000
495221012158081
496460006633274
499667000000000
494353016437967
495654018706600
429043262918536
499663000000000
498215007453612
470196106218841
497881004086518
480047059826758
496577006875297
491080035120163
485465035730913
494320014242248
472018136015759
498778002317875
497292005420650
468362124884189
493790019977500
140756461855685
496360030793662
493407013622885
478255069651444
497157018645934
496295007445257
348117776010269
498484002992284
499641000000000
499640000000000
499639000000000
480215099844546
440535279743255
498912002735996
437559284987163
498016002631400
315957874340341
499220001525936
499631000000000
496887009899091
497274011884488
437301316102589
488095044031012
498697005997624
499625000000000
498473001797521
454838264009636
471718155604476
496940001993640
480955123653023
431961373418742
498810001190992
493682013151515
499616000000000
478556097755414
477369080595984
243852052250658
499466000004818
497019012723896
482514061593076
499609000000000
477361052004974
331963815800185
432842313662808
470495146210610
477261087188476
499603000000000
456432189400450
491429018370019
499600000000000
189758576006139
489933036123773
499597000000000
353226523225267
493775022573745
486695056266908
495688017933854
141760940393041
457032168038545
325318011618627
422224371336513
498196005467256
492324016948751
499586000000000
494545011638368
483546045187454
384022522538865
473365151479510
497046006085669
497019004837361
410614323066163
490693051149835
494776019554433
495626013720701
488799028128989
499574000000000
499573000000000
467474098958227
499571000000000
499570000000000
477872128790128
498593001815105
317230883968962
422101411447470
465066168702632
436541356878315
496066008608073
292456895513197
434252290806170
496699011307544
497640008637961
497212003746574
498037003020645
498863002284128
470036136844981
388632408032211
499553000000000
471676106234601
498654001160718
482878087469624
438354286414635
481920069544161
483193058983817
498503000175067
429256348008907
499544000000000
492450015380498
496139009979360
370045571550531
227792258533915
499539000000000
484814063802047
498093008528900
498590001549280
428101294927648
456066208344417
301707191309855
472198144898227
444687309304762
461720193743745
477066111320965
499528000000000
498505006315190
452297253732674
499525000000000
491617027855927
451457217056239
499522000000000
291651073121527
457064199836517
262487128751034
494056011497319
474758137143179
495651006121675
499252001326309
498677002536110
497271008999387
385660679370939
493016011713271
441414370518123
484946106885078
222450002048817
498137001650216
499506000000000
494045019595904
496373008591640
483815073327749
497757005252449
471385088400472
436958245946110
